Determining if the pthread_create exist failed with the following output:
Change Dir: /home/amsl/AMSL_ros_pkg/teledrive/CMakeFiles/CMakeTmp

Run Build Command:/usr/bin/make "cmTryCompileExec3925302604/fast"
/usr/bin/make -f CMakeFiles/cmTryCompileExec3925302604.dir/build.make CMakeFiles/cmTryCompileExec3925302604.dir/build
make[1]: Entering directory `/home/amsl/AMSL_ros_pkg/teledrive/CMakeFiles/CMakeTmp'
/usr/bin/cmake -E cmake_progress_report /home/amsl/AMSL_ros_pkg/teledrive/CMakeFiles/CMakeTmp/CMakeFiles 1
Building C object CMakeFiles/cmTryCompileExec3925302604.dir/CheckSymbolExists.c.o
/usr/bin/cc    -o CMakeFiles/cmTryCompileExec3925302604.dir/CheckSymbolExists.c.o   -c /home/amsl/AMSL_ros_pkg/teledrive/CMakeFiles/CMakeTmp/CheckSymbolExists.c
Linking C executable cmTryCompileExec3925302604
/usr/bin/cmake -E cmake_link_script CMakeFiles/cmTryCompileExec3925302604.dir/link.txt --verbose=1
/usr/bin/cc       CMakeFiles/cmTryCompileExec3925302604.dir/CheckSymbolExists.c.o  -o cmTryCompileExec3925302604 -rdynamic 
CMakeFiles/cmTryCompileExec3925302604.dir/CheckSymbolExists.c.o: In function `main':
CheckSymbolExists.c:(.text+0xe): undefined reference to `pthread_create'
CheckSymbolExists.c:(.text+0x12): undefined reference to `pthread_create'
collect2: error: ld returned 1 exit status
make[1]: Leaving directory `/home/amsl/AMSL_ros_pkg/teledrive/CMakeFiles/CMakeTmp'
make[1]: *** [cmTryCompileExec3925302604] Error 1
make: *** [cmTryCompileExec3925302604/fast] Error 2

File /home/amsl/AMSL_ros_pkg/teledrive/CMakeFiles/CMakeTmp/CheckSymbolExists.c:
/* */
#include <pthread.h>

int main(int argc, char** argv)
{
  (void)argv;
#ifndef pthread_create
  return ((int*)(&pthread_create))[argc];
#else
  (void)argc;
  return 0;
#endif
}

Determining if the function pthread_create exists in the pthreads failed with the following output:
Change Dir: /home/amsl/AMSL_ros_pkg/teledrive/CMakeFiles/CMakeTmp

Run Build Command:/usr/bin/make "cmTryCompileExec3694013668/fast"
/usr/bin/make -f CMakeFiles/cmTryCompileExec3694013668.dir/build.make CMakeFiles/cmTryCompileExec3694013668.dir/build
make[1]: Entering directory `/home/amsl/AMSL_ros_pkg/teledrive/CMakeFiles/CMakeTmp'
/usr/bin/cmake -E cmake_progress_report /home/amsl/AMSL_ros_pkg/teledrive/CMakeFiles/CMakeTmp/CMakeFiles 1
Building C object CMakeFiles/cmTryCompileExec3694013668.dir/CheckFunctionExists.c.o
/usr/bin/cc   -DCHECK_FUNCTION_EXISTS=pthread_create   -o CMakeFiles/cmTryCompileExec3694013668.dir/CheckFunctionExists.c.o   -c /usr/share/cmake-2.8/Modules/CheckFunctionExists.c
Linking C executable cmTryCompileExec3694013668
/usr/bin/cmake -E cmake_link_script CMakeFiles/cmTryCompileExec3694013668.dir/link.txt --verbose=1
/usr/bin/cc   -DCHECK_FUNCTION_EXISTS=pthread_create    CMakeFiles/cmTryCompileExec3694013668.dir/CheckFunctionExists.c.o  -o cmTryCompileExec3694013668 -rdynamic -lpthreads 
/usr/bin/ld: cannot find -lpthreads
make[1]: Leaving directory `/home/amsl/AMSL_ros_pkg/teledrive/CMakeFiles/CMakeTmp'
collect2: error: ld returned 1 exit status
make[1]: *** [cmTryCompileExec3694013668] Error 1
make: *** [cmTryCompileExec3694013668/fast] Error 2


